<?xml version="1.0" encoding="UTF-8"?>
<!-- Generated by org.testng.reporters.JUnitReportReporter -->
<testsuite name="com.epam.tat.unittest.tests.CalculatorTest" tests="5" time="10.031" ignored="9" failures="0" timestamp="26 Sep 2017 12:44:43 GMT" skipped="0" hostname="EPBYMINW3743" errors="0">
  <testcase name="testParallel1" time="2.003" classname="com.epam.tat.unittest.tests.CalculatorTest"/>
  <testcase name="testParallel4" time="2.016" classname="com.epam.tat.unittest.tests.CalculatorTest"/>
  <testcase name="testParallel2" time="2.006" classname="com.epam.tat.unittest.tests.CalculatorTest"/>
  <testcase name="testParallel" time="2.003" classname="com.epam.tat.unittest.tests.CalculatorTest"/>
  <testcase name="testParallel3" time="2.003" classname="com.epam.tat.unittest.tests.CalculatorTest"/>
  <testcase name="testDivMethod" classname="com.epam.tat.unittest.tests.CalculatorTest">
    <skipped/>
  </testcase> <!-- testDivMethod -->
  <testcase name="testIsNegativeMethodNeg" classname="com.epam.tat.unittest.tests.CalculatorTest">
    <skipped/>
  </testcase> <!-- testIsNegativeMethodNeg -->
  <testcase name="testSumMethod" classname="com.epam.tat.unittest.tests.CalculatorTest">
    <skipped/>
  </testcase> <!-- testSumMethod -->
  <testcase name="testIsPositiveMethodNeg" classname="com.epam.tat.unittest.tests.CalculatorTest">
    <skipped/>
  </testcase> <!-- testIsPositiveMethodNeg -->
  <testcase name="TestDivByZero" classname="com.epam.tat.unittest.tests.CalculatorTest">
    <skipped/>
  </testcase> <!-- TestDivByZero -->
  <testcase name="testMultMethod" classname="com.epam.tat.unittest.tests.CalculatorTest">
    <skipped/>
  </testcase> <!-- testMultMethod -->
  <testcase name="testIsNegativeMethod" classname="com.epam.tat.unittest.tests.CalculatorTest">
    <skipped/>
  </testcase> <!-- testIsNegativeMethod -->
  <testcase name="testIsPositiveMethod" classname="com.epam.tat.unittest.tests.CalculatorTest">
    <skipped/>
  </testcase> <!-- testIsPositiveMethod -->
  <testcase name="TestDivByZeroLong" classname="com.epam.tat.unittest.tests.CalculatorTest">
    <skipped/>
  </testcase> <!-- TestDivByZeroLong -->
</testsuite> <!-- com.epam.tat.unittest.tests.CalculatorTest -->
